[debug] [2021-12-04T06:31:52.196Z] ----------------------------------------------------------------------
[debug] [2021-12-04T06:31:52.199Z] Command:       /home/gregor/.nvm/versions/node/v14.17.1/bin/node /home/gregor/.nvm/versions/node/v14.17.1/bin/firebase emulators:start
[debug] [2021-12-04T06:31:52.199Z] CLI Version:   9.23.0
[debug] [2021-12-04T06:31:52.199Z] Platform:      linux
[debug] [2021-12-04T06:31:52.200Z] Node Version:  v14.17.1
[debug] [2021-12-04T06:31:52.200Z] Time:          Sat Dec 04 2021 09:31:52 GMT+0300 (Moscow Standard Time)
[debug] [2021-12-04T06:31:52.200Z] ----------------------------------------------------------------------
[debug] 
[debug] [2021-12-04T06:31:52.254Z] > command requires scopes: ["email","openid","https://www.googleapis.com/auth/cloudplatformprojects.readonly","https://www.googleapis.com/auth/firebase","https://www.googleapis.com/auth/cloud-platform"]
[debug] [2021-12-04T06:31:52.254Z] > authorizing via signed-in user (zippper123915@gmail.com)
[info] i  emulators: Starting emulators: auth, functions, firestore, hosting, storage {"metadata":{"emulator":{"name":"hub"},"message":"Starting emulators: auth, functions, firestore, hosting, storage"}}
[warn] ⚠  emulators: It seems that you are running multiple instances of the emulator suite for project pomodoro-3b7d3. This may result in unexpected behavior. 
[debug] [2021-12-04T06:31:52.266Z] [hub] writing locator at /tmp/hub-pomodoro-3b7d3.json
[warn] ⚠  functions: The following emulators are not running, calls to these services from the Functions emulator will affect production: database, pubsub {"metadata":{"emulator":{"name":"functions"},"message":"The following emulators are not running, calls to these services from the Functions emulator will affect production: \u001b[1mdatabase, pubsub\u001b[22m"}}
[info] ✔  functions: Using node@14 from host. {"metadata":{"emulator":{"name":"functions"},"message":"Using node@14 from host."}}
[debug] [2021-12-04T06:31:52.281Z] defaultcredentials: writing to file /home/gregor/.config/firebase/zippper123915_gmail_com_application_default_credentials.json
[debug] [2021-12-04T06:31:52.282Z] Setting GAC to /home/gregor/.config/firebase/zippper123915_gmail_com_application_default_credentials.json {"metadata":{"emulator":{"name":"functions"},"message":"Setting GAC to /home/gregor/.config/firebase/zippper123915_gmail_com_application_default_credentials.json"}}
[debug] [2021-12-04T06:31:52.285Z] > refreshing access token with scopes: []
[debug] [2021-12-04T06:31:52.285Z] >>> HTTP REQUEST POST https://www.googleapis.com/oauth2/v3/token  
 <request body omitted>
[debug] [2021-12-04T06:31:52.551Z] <<< HTTP RESPONSE 200 {"date":"Sat, 04 Dec 2021 06:31:52 GMT","pragma":"no-cache","cache-control":"no-cache, no-store, max-age=0, must-revalidate","expires":"Mon, 01 Jan 1990 00:00:00 GMT","content-type":"application/json; charset=utf-8","vary":"X-Origin, Referer, Origin,Accept-Encoding","server":"scaffolding on HTTPServer2","x-xss-protection":"0","x-frame-options":"SAMEORIGIN","x-content-type-options":"nosniff","alt-svc":"h3=\":443\"; ma=2592000,h3-29=\":443\"; ma=2592000,h3-Q050=\":443\"; ma=2592000,h3-Q046=\":443\"; ma=2592000,h3-Q043=\":443\"; ma=2592000,quic=\":443\"; ma=2592000; v=\"46,43\"","accept-ranges":"none","transfer-encoding":"chunked"}
[debug] [2021-12-04T06:31:52.561Z] >>> [apiv2][query] GET https://firebase.googleapis.com/v1beta1/projects/pomodoro-3b7d3/adminSdkConfig [none]
[debug] [2021-12-04T06:31:52.972Z] <<< [apiv2][status] GET https://firebase.googleapis.com/v1beta1/projects/pomodoro-3b7d3/adminSdkConfig 200
[debug] [2021-12-04T06:31:52.973Z] <<< [apiv2][body] GET https://firebase.googleapis.com/v1beta1/projects/pomodoro-3b7d3/adminSdkConfig {"projectId":"pomodoro-3b7d3","storageBucket":"pomodoro-3b7d3.appspot.com","locationId":"europe-west"}
[debug] [2021-12-04T06:31:52.982Z] Ignoring unsupported arg: projectId {"metadata":{"emulator":{"name":"firestore"},"message":"Ignoring unsupported arg: projectId"}}
[debug] [2021-12-04T06:31:52.983Z] Ignoring unsupported arg: auto_download {"metadata":{"emulator":{"name":"firestore"},"message":"Ignoring unsupported arg: auto_download"}}
[debug] [2021-12-04T06:31:52.983Z] Starting Firestore Emulator with command {"binary":"java","args":["-Dgoogle.cloud_firestore.debug_log_level=FINE","-Duser.language=en","-jar","/home/gregor/.cache/firebase/emulators/cloud-firestore-emulator-v1.13.1.jar","--host","localhost","--port",8081,"--rules","/home/gregor/work/PetProjects/pomodoro/firestore.rules","--functions_emulator","localhost:5001"],"optionalArgs":["port","webchannel_port","host","rules","functions_emulator","seed_from_export"],"joinArgs":false} {"metadata":{"emulator":{"name":"firestore"},"message":"Starting Firestore Emulator with command {\"binary\":\"java\",\"args\":[\"-Dgoogle.cloud_firestore.debug_log_level=FINE\",\"-Duser.language=en\",\"-jar\",\"/home/gregor/.cache/firebase/emulators/cloud-firestore-emulator-v1.13.1.jar\",\"--host\",\"localhost\",\"--port\",8081,\"--rules\",\"/home/gregor/work/PetProjects/pomodoro/firestore.rules\",\"--functions_emulator\",\"localhost:5001\"],\"optionalArgs\":[\"port\",\"webchannel_port\",\"host\",\"rules\",\"functions_emulator\",\"seed_from_export\"],\"joinArgs\":false}"}}
[info] i  firestore: Firestore Emulator logging to firestore-debug.log {"metadata":{"emulator":{"name":"firestore"},"message":"Firestore Emulator logging to \u001b[1mfirestore-debug.log\u001b[22m"}}
[debug] [2021-12-04T06:31:54.045Z] Dec 04, 2021 9:31:54 AM com.google.cloud.datastore.emulator.firestore.websocket.WebSocketServer start
INFO: Started WebSocket server on ws://localhost:36991
 {"metadata":{"emulator":{"name":"firestore"},"message":"Dec 04, 2021 9:31:54 AM com.google.cloud.datastore.emulator.firestore.websocket.WebSocketServer start\nINFO: Started WebSocket server on ws://localhost:36991\n"}}
[debug] [2021-12-04T06:31:54.068Z] API endpoint: http://localhost: {"metadata":{"emulator":{"name":"firestore"},"message":"API endpoint: http://localhost:"}}
[debug] [2021-12-04T06:31:54.069Z] 8081
If you are using a library that supports the FIRESTORE_EMULATOR_HOST environment variable, run:

   export FIRESTORE_EMULATOR_HOST=localhost:8081

Dev App Server is now running.

 {"metadata":{"emulator":{"name":"firestore"},"message":"8081\nIf you are using a library that supports the FIRESTORE_EMULATOR_HOST environment variable, run:\n\n   export FIRESTORE_EMULATOR_HOST=localhost:8081\n\nDev App Server is now running.\n\n"}}
[debug] [2021-12-04T06:31:57.429Z] Ignoring unsupported arg: port {"metadata":{"emulator":{"name":"storage"},"message":"Ignoring unsupported arg: port"}}
[debug] [2021-12-04T06:31:57.615Z] Temp file directory for storage emulator: /tmp/firebase/storage/blobs {"metadata":{"emulator":{"name":"storage"},"message":"Temp file directory for storage emulator: /tmp/firebase/storage/blobs"}}
[debug] [2021-12-04T06:31:58.159Z] >>> [apiv2][query] GET https://firebasehosting.googleapis.com/v1beta1/projects/pomodoro-3b7d3/sites 
[debug] [2021-12-04T06:31:59.974Z] <<< [apiv2][status] GET https://firebasehosting.googleapis.com/v1beta1/projects/pomodoro-3b7d3/sites 200
[debug] [2021-12-04T06:31:59.974Z] <<< [apiv2][body] GET https://firebasehosting.googleapis.com/v1beta1/projects/pomodoro-3b7d3/sites {"sites":[{"name":"projects/632755557413/sites/pomodoro-3b7d3","defaultUrl":"https://pomodoro-3b7d3.web.app","appId":"1:632755557413:web:b6d742835711d5b92c1bcc","type":"DEFAULT_SITE"}]}
[debug] [2021-12-04T06:31:59.975Z] >>> [apiv2][query] GET https://firebase.googleapis.com/v1beta1/projects/pomodoro-3b7d3/webApps/1:632755557413:web:b6d742835711d5b92c1bcc/config [none]
[debug] [2021-12-04T06:32:01.072Z] <<< [apiv2][status] GET https://firebase.googleapis.com/v1beta1/projects/pomodoro-3b7d3/webApps/1:632755557413:web:b6d742835711d5b92c1bcc/config 200
[debug] [2021-12-04T06:32:01.072Z] <<< [apiv2][body] GET https://firebase.googleapis.com/v1beta1/projects/pomodoro-3b7d3/webApps/1:632755557413:web:b6d742835711d5b92c1bcc/config {"projectId":"pomodoro-3b7d3","appId":"1:632755557413:web:b6d742835711d5b92c1bcc","storageBucket":"pomodoro-3b7d3.appspot.com","locationId":"europe-west","apiKey":"AIzaSyA9WfJut9ibyVNLh3AmXvos8dVI1AwvQb4","authDomain":"pomodoro-3b7d3.firebaseapp.com","messagingSenderId":"632755557413"}
[info] i  hosting: Serving hosting files from: dist {"metadata":{"emulator":{"name":"hosting"},"message":"Serving hosting files from: \u001b[1mdist\u001b[22m"}}
[info] ✔  hosting: Local server: http://localhost:5000 {"metadata":{"emulator":{"name":"hosting"},"message":"Local server: \u001b[4m\u001b[1mhttp://localhost:5000\u001b[22m\u001b[24m"}}
[debug] [2021-12-04T06:32:01.095Z] Ignoring unsupported arg: auto_download {"metadata":{"emulator":{"name":"ui"},"message":"Ignoring unsupported arg: auto_download"}}
[debug] [2021-12-04T06:32:01.095Z] Ignoring unsupported arg: port {"metadata":{"emulator":{"name":"ui"},"message":"Ignoring unsupported arg: port"}}
[debug] [2021-12-04T06:32:01.095Z] Starting Emulator UI with command {"binary":"node","args":["/home/gregor/.cache/firebase/emulators/ui-v1.6.4/server.bundle.js"],"optionalArgs":[],"joinArgs":false} {"metadata":{"emulator":{"name":"ui"},"message":"Starting Emulator UI with command {\"binary\":\"node\",\"args\":[\"/home/gregor/.cache/firebase/emulators/ui-v1.6.4/server.bundle.js\"],\"optionalArgs\":[],\"joinArgs\":false}"}}
[info] i  ui: Emulator UI logging to ui-debug.log {"metadata":{"emulator":{"name":"ui"},"message":"Emulator UI logging to \u001b[1mui-debug.log\u001b[22m"}}
[debug] [2021-12-04T06:32:01.193Z] Web / API server started at localhost:6060
 {"metadata":{"emulator":{"name":"ui"},"message":"Web / API server started at localhost:6060\n"}}
[info] i  functions: Watching "/home/gregor/work/PetProjects/pomodoro/functions" for Cloud Functions... {"metadata":{"emulator":{"name":"functions"},"message":"Watching \"/home/gregor/work/PetProjects/pomodoro/functions\" for Cloud Functions..."}}
[debug] [2021-12-04T06:32:01.372Z] [worker-pool] addWorker(~diagnostic~) {"metadata":{"emulator":{"name":"functions"},"message":"[worker-pool] addWorker(~diagnostic~)"}}
[debug] [2021-12-04T06:32:01.373Z] [worker-pool] Adding worker with key ~diagnostic~, total=1 {"metadata":{"emulator":{"name":"functions"},"message":"[worker-pool] Adding worker with key ~diagnostic~, total=1"}}
[debug] [2021-12-04T06:32:01.373Z] [worker-pool] submitWork(triggerId=) {"metadata":{"emulator":{"name":"functions"},"message":"[worker-pool] submitWork(triggerId=)"}}
[debug] [2021-12-04T06:32:01.373Z] [worker-~diagnostic~-63f372e7-d8e4-4dc7-b22d-09118792fafe]: Assigning socketPath: /tmp/fire_emu_29510.sock {"metadata":{"emulator":{"name":"functions"},"message":"[worker-~diagnostic~-63f372e7-d8e4-4dc7-b22d-09118792fafe]: Assigning socketPath: /tmp/fire_emu_29510.sock"}}
[debug] [2021-12-04T06:32:01.374Z] [worker-~diagnostic~-63f372e7-d8e4-4dc7-b22d-09118792fafe]: BUSY {"metadata":{"emulator":{"name":"functions"},"message":"[worker-~diagnostic~-63f372e7-d8e4-4dc7-b22d-09118792fafe]: BUSY"}}
[debug] [2021-12-04T06:32:01.535Z] [runtime-status] [29510] Functions runtime initialized. {"cwd":"/home/gregor/work/PetProjects/pomodoro/functions","node_version":"14.17.1"} {"metadata":{"emulator":{"name":"functions"},"message":"[runtime-status] [29510] Functions runtime initialized. {\"cwd\":\"/home/gregor/work/PetProjects/pomodoro/functions\",\"node_version\":\"14.17.1\"}"}}
[debug] [2021-12-04T06:32:01.535Z] [runtime-status] [29510] Disabled runtime features: undefined {"metadata":{"emulator":{"name":"functions"},"message":"[runtime-status] [29510] Disabled runtime features: undefined"}}
[debug] [2021-12-04T06:32:01.536Z] [runtime-status] [29510] Resolved module firebase-admin {"declared":true,"installed":true,"version":"9.12.0","resolution":"/home/gregor/work/PetProjects/pomodoro/functions/node_modules/firebase-admin/lib/index.js"} {"metadata":{"emulator":{"name":"functions"},"message":"[runtime-status] [29510] Resolved module firebase-admin {\"declared\":true,\"installed\":true,\"version\":\"9.12.0\",\"resolution\":\"/home/gregor/work/PetProjects/pomodoro/functions/node_modules/firebase-admin/lib/index.js\"}"}}
[debug] [2021-12-04T06:32:01.539Z] [runtime-status] [29510] Resolved module firebase-functions {"declared":true,"installed":true,"version":"3.16.0","resolution":"/home/gregor/work/PetProjects/pomodoro/functions/node_modules/firebase-functions/lib/index.js"} {"metadata":{"emulator":{"name":"functions"},"message":"[runtime-status] [29510] Resolved module firebase-functions {\"declared\":true,\"installed\":true,\"version\":\"3.16.0\",\"resolution\":\"/home/gregor/work/PetProjects/pomodoro/functions/node_modules/firebase-functions/lib/index.js\"}"}}
[debug] [2021-12-04T06:32:01.540Z] [runtime-status] [29510] Outgoing network have been stubbed. [{"name":"http","status":"mocked"},{"name":"http","status":"mocked"},{"name":"https","status":"mocked"},{"name":"https","status":"mocked"},{"name":"net","status":"mocked"}] {"metadata":{"emulator":{"name":"functions"},"message":"[runtime-status] [29510] Outgoing network have been stubbed. [{\"name\":\"http\",\"status\":\"mocked\"},{\"name\":\"http\",\"status\":\"mocked\"},{\"name\":\"https\",\"status\":\"mocked\"},{\"name\":\"https\",\"status\":\"mocked\"},{\"name\":\"net\",\"status\":\"mocked\"}]"}}
[debug] [2021-12-04T06:32:01.541Z] [runtime-status] [29510] Resolved module firebase-functions {"declared":true,"installed":true,"version":"3.16.0","resolution":"/home/gregor/work/PetProjects/pomodoro/functions/node_modules/firebase-functions/lib/index.js"} {"metadata":{"emulator":{"name":"functions"},"message":"[runtime-status] [29510] Resolved module firebase-functions {\"declared\":true,\"installed\":true,\"version\":\"3.16.0\",\"resolution\":\"/home/gregor/work/PetProjects/pomodoro/functions/node_modules/firebase-functions/lib/index.js\"}"}}
[debug] [2021-12-04T06:32:01.582Z] [runtime-status] [29510] Checked functions.config() {"config":{}} {"metadata":{"emulator":{"name":"functions"},"message":"[runtime-status] [29510] Checked functions.config() {\"config\":{}}"}}
[debug] [2021-12-04T06:32:01.582Z] [runtime-status] [29510] firebase-functions has been stubbed. {"functionsResolution":{"declared":true,"installed":true,"version":"3.16.0","resolution":"/home/gregor/work/PetProjects/pomodoro/functions/node_modules/firebase-functions/lib/index.js"}} {"metadata":{"emulator":{"name":"functions"},"message":"[runtime-status] [29510] firebase-functions has been stubbed. {\"functionsResolution\":{\"declared\":true,\"installed\":true,\"version\":\"3.16.0\",\"resolution\":\"/home/gregor/work/PetProjects/pomodoro/functions/node_modules/firebase-functions/lib/index.js\"}}"}}
[debug] [2021-12-04T06:32:01.583Z] [runtime-status] [29510] Resolved module firebase-functions {"declared":true,"installed":true,"version":"3.16.0","resolution":"/home/gregor/work/PetProjects/pomodoro/functions/node_modules/firebase-functions/lib/index.js"} {"metadata":{"emulator":{"name":"functions"},"message":"[runtime-status] [29510] Resolved module firebase-functions {\"declared\":true,\"installed\":true,\"version\":\"3.16.0\",\"resolution\":\"/home/gregor/work/PetProjects/pomodoro/functions/node_modules/firebase-functions/lib/index.js\"}"}}
[debug] [2021-12-04T06:32:01.584Z] [runtime-status] [29510] Resolved module firebase-admin {"declared":true,"installed":true,"version":"9.12.0","resolution":"/home/gregor/work/PetProjects/pomodoro/functions/node_modules/firebase-admin/lib/index.js"} {"metadata":{"emulator":{"name":"functions"},"message":"[runtime-status] [29510] Resolved module firebase-admin {\"declared\":true,\"installed\":true,\"version\":\"9.12.0\",\"resolution\":\"/home/gregor/work/PetProjects/pomodoro/functions/node_modules/firebase-admin/lib/index.js\"}"}}
[debug] [2021-12-04T06:32:01.586Z] [runtime-status] [29510] Resolved module firebase-functions {"declared":true,"installed":true,"version":"3.16.0","resolution":"/home/gregor/work/PetProjects/pomodoro/functions/node_modules/firebase-functions/lib/index.js"} {"metadata":{"emulator":{"name":"functions"},"message":"[runtime-status] [29510] Resolved module firebase-functions {\"declared\":true,\"installed\":true,\"version\":\"3.16.0\",\"resolution\":\"/home/gregor/work/PetProjects/pomodoro/functions/node_modules/firebase-functions/lib/index.js\"}"}}
[debug] [2021-12-04T06:32:01.586Z] [runtime-status] [29510] firebase-admin has been stubbed. {"adminResolution":{"declared":true,"installed":true,"version":"9.12.0","resolution":"/home/gregor/work/PetProjects/pomodoro/functions/node_modules/firebase-admin/lib/index.js"}} {"metadata":{"emulator":{"name":"functions"},"message":"[runtime-status] [29510] firebase-admin has been stubbed. {\"adminResolution\":{\"declared\":true,\"installed\":true,\"version\":\"9.12.0\",\"resolution\":\"/home/gregor/work/PetProjects/pomodoro/functions/node_modules/firebase-admin/lib/index.js\"}}"}}
[info] 
┌─────────────────────────────────────────────────────────────┐
│ ✔  All emulators ready! It is now safe to connect your app. │
│ i  View Emulator UI at http://localhost:6060                │
└─────────────────────────────────────────────────────────────┘

┌────────────────┬────────────────┬─────────────────────────────────┐
│ Emulator       │ Host:Port      │ View in Emulator UI             │
├────────────────┼────────────────┼─────────────────────────────────┤
│ Authentication │ localhost:9099 │ http://localhost:6060/auth      │
├────────────────┼────────────────┼─────────────────────────────────┤
│ Functions      │ localhost:5001 │ http://localhost:6060/functions │
├────────────────┼────────────────┼─────────────────────────────────┤
│ Firestore      │ localhost:8081 │ http://localhost:6060/firestore │
├────────────────┼────────────────┼─────────────────────────────────┤
│ Hosting        │ localhost:5000 │ n/a                             │
├────────────────┼────────────────┼─────────────────────────────────┤
│ Storage        │ localhost:9199 │ http://localhost:6060/storage   │
└────────────────┴────────────────┴─────────────────────────────────┘
  Emulator Hub running at localhost:4400
  Other reserved ports: 4500

Issues? Report them at https://github.com/firebase/firebase-tools/issues and attach the *-debug.log files.
 
[debug] [2021-12-04T06:32:01.594Z] [worker-~diagnostic~-63f372e7-d8e4-4dc7-b22d-09118792fafe]: IDLE {"metadata":{"emulator":{"name":"functions"},"message":"[worker-~diagnostic~-63f372e7-d8e4-4dc7-b22d-09118792fafe]: IDLE"}}
[debug] [2021-12-04T06:33:44.685Z] Received signal SIGINT (Ctrl-C) 1
[info]  
[info] i  emulators: Received SIGINT (Ctrl-C) for the first time. Starting a clean shutdown. 
[info] i  emulators: Please wait for a clean shutdown or send the SIGINT (Ctrl-C) signal again to stop right now. 
[info] i  emulators: Shutting down emulators. {"metadata":{"emulator":{"name":"hub"},"message":"Shutting down emulators."}}
[info] i  ui: Stopping Emulator UI {"metadata":{"emulator":{"name":"ui"},"message":"Stopping Emulator UI"}}
[debug] [2021-12-04T06:33:44.695Z] Error: write EIO
    at afterWriteDispatched (internal/stream_base_commons.js:156:25)
    at writeGeneric (internal/stream_base_commons.js:147:3)
    at WriteStream.Socket._writeGeneric (net.js:787:11)
    at WriteStream.Socket._write (net.js:799:8)
    at writeOrBuffer (internal/streams/writable.js:358:12)
    at WriteStream.Writable.write (internal/streams/writable.js:303:10)
    at Console.log (/home/gregor/.nvm/versions/node/v14.17.1/lib/node_modules/firebase-tools/node_modules/winston/lib/winston/transports/console.js:79:23)
    at Console._write (/home/gregor/.nvm/versions/node/v14.17.1/lib/node_modules/firebase-tools/node_modules/winston-transport/index.js:103:17)
    at doWrite (/home/gregor/.nvm/versions/node/v14.17.1/lib/node_modules/firebase-tools/node_modules/winston-transport/node_modules/readable-stream/lib/_stream_writable.js:428:64)
    at writeOrBuffer (/home/gregor/.nvm/versions/node/v14.17.1/lib/node_modules/firebase-tools/node_modules/winston-transport/node_modules/readable-stream/lib/_stream_writable.js:417:5)
    at Console.Writable.write (/home/gregor/.nvm/versions/node/v14.17.1/lib/node_modules/firebase-tools/node_modules/winston-transport/node_modules/readable-stream/lib/_stream_writable.js:334:11)
    at DerivedLogger.ondata (/home/gregor/.nvm/versions/node/v14.17.1/lib/node_modules/firebase-tools/node_modules/readable-stream/lib/_stream_readable.js:681:20)
    at DerivedLogger.emit (events.js:387:35)
    at DerivedLogger.emit (domain.js:470:12)
    at addChunk (/home/gregor/.nvm/versions/node/v14.17.1/lib/node_modules/firebase-tools/node_modules/readable-stream/lib/_stream_readable.js:298:12)
    at readableAddChunk (/home/gregor/.nvm/versions/node/v14.17.1/lib/node_modules/firebase-tools/node_modules/readable-stream/lib/_stream_readable.js:280:11)
[error] 
[error] Error: An unexpected error has occurred.
[debug] [2021-12-04T06:33:44.700Z] Received signal SIGHUP 1
[info]  
[info] i  emulators: Received SIGHUP for the first time. Starting a clean shutdown. 
[info] i  emulators: Please wait for a clean shutdown or send the SIGHUP signal again to stop right now. 
[info] i  emulators: Shutting down emulators. {"metadata":{"emulator":{"name":"hub"},"message":"Shutting down emulators."}}
[info] i  ui: Stopping Emulator UI {"metadata":{"emulator":{"name":"ui"},"message":"Stopping Emulator UI"}}
[warn] ⚠  Emulator UI has exited upon receiving signal: SIGINT 
[info] i  functions: Stopping Functions Emulator {"metadata":{"emulator":{"name":"functions"},"message":"Stopping Functions Emulator"}}
[info] i  functions: Stopping Functions Emulator {"metadata":{"emulator":{"name":"functions"},"message":"Stopping Functions Emulator"}}
[info] i  hosting: Stopping Hosting Emulator {"metadata":{"emulator":{"name":"hosting"},"message":"Stopping Hosting Emulator"}}
[info] i  hosting: Stopping Hosting Emulator {"metadata":{"emulator":{"name":"hosting"},"message":"Stopping Hosting Emulator"}}
[info] i  firestore: Stopping Firestore Emulator {"metadata":{"emulator":{"name":"firestore"},"message":"Stopping Firestore Emulator"}}
[info] i  firestore: Stopping Firestore Emulator {"metadata":{"emulator":{"name":"firestore"},"message":"Stopping Firestore Emulator"}}
[debug] [2021-12-04T06:33:44.715Z] [worker-~diagnostic~-63f372e7-d8e4-4dc7-b22d-09118792fafe]: exited {"metadata":{"emulator":{"name":"functions"},"message":"[worker-~diagnostic~-63f372e7-d8e4-4dc7-b22d-09118792fafe]: exited"}}
[debug] [2021-12-04T06:33:44.715Z] [worker-~diagnostic~-63f372e7-d8e4-4dc7-b22d-09118792fafe]: FINISHED {"metadata":{"emulator":{"name":"functions"},"message":"[worker-~diagnostic~-63f372e7-d8e4-4dc7-b22d-09118792fafe]: FINISHED"}}
[debug] [2021-12-04T06:33:44.716Z] *** shutting down gRPC server since JVM is shutting down
 {"metadata":{"emulator":{"name":"firestore"},"message":"*** shutting down gRPC server since JVM is shutting down\n"}}
[debug] [2021-12-04T06:33:44.727Z] *** server shut down {"metadata":{"emulator":{"name":"firestore"},"message":"*** server shut down"}}
[debug] [2021-12-04T06:33:44.728Z] 
 {"metadata":{"emulator":{"name":"firestore"},"message":"\n"}}
